{
  "RSpec": {
    "coverage": {
      "/home/nazar/RubyCourse/codebreaker/lib/codebreaker.rb": {
        "lines": [
          null,
          null,
          1,
          1,
          null,
          1,
          1,
          null,
          null
        ]
      },
      "/home/nazar/RubyCourse/codebreaker/lib/codebreaker/game.rb": {
        "lines": [
          1,
          1,
          null,
          1,
          1,
          1,
          null,
          1,
          null,
          1,
          1,
          null,
          null,
          1,
          null,
          null,
          null,
          null,
          1,
          51,
          51,
          51,
          51,
          51,
          null,
          null,
          1,
          38,
          38,
          null,
          null,
          1,
          45,
          45,
          45,
          null,
          null,
          1,
          11,
          null,
          10,
          10,
          10,
          10,
          null,
          null,
          1,
          32,
          null,
          null,
          1,
          14,
          14,
          null,
          null,
          1,
          7,
          null,
          null,
          1,
          9,
          null,
          null,
          1,
          14,
          1,
          null,
          null,
          1,
          null,
          1,
          45,
          45,
          45,
          180,
          null,
          32,
          32,
          null,
          45,
          null,
          null,
          1,
          45,
          44,
          148,
          null,
          12,
          12,
          12,
          null,
          null,
          45,
          null,
          null,
          1,
          1,
          4,
          null,
          null,
          null,
          1,
          1,
          1,
          13,
          null,
          null,
          null,
          null,
          null
        ]
      },
      "/home/nazar/RubyCourse/codebreaker/lib/codebreaker/validation/errors.rb": {
        "lines": [
          1,
          1,
          1,
          4,
          null,
          null,
          null,
          1,
          1,
          2,
          null,
          null,
          null
        ]
      },
      "/home/nazar/RubyCourse/codebreaker/lib/codebreaker/validation/validatable.rb": {
        "lines": [
          1,
          1,
          null,
          1,
          16,
          null,
          null,
          1,
          49,
          47,
          null,
          null
        ]
      },
      "/home/nazar/RubyCourse/codebreaker/spec/codebreaker/validation_spec.rb": {
        "lines": [
          1,
          1,
          null,
          1,
          1,
          1,
          1,
          2,
          null,
          null,
          1,
          2,
          null,
          null,
          1,
          2,
          null,
          null,
          1,
          2,
          null,
          null,
          null,
          1,
          1,
          2,
          null,
          null,
          1,
          2,
          null,
          null,
          null,
          null
        ]
      }
    },
    "timestamp": 1612985351
  }
}
